<?xml version="1.0" encoding="UTF-8"?>
<!-- Generated by org.testng.reporters.JUnitReportReporter -->
<testsuite skipped="0" hostname="CTL-L-67" name="TestCase.Scenrio" tests="1" failures="0" timestamp="10 Feb 2020 14:39:17 GMT" time="0.006" errors="0">
  <testcase name="Test" time="0.006" classname="TestCase.Scenrio"/>
</testsuite> <!-- TestCase.Scenrio -->
